[ 2016-07-21T18:54:49+08:00 ] ::1 /maijia/Public/upload/20160721/thumb_57902eff0c282.jpg
INFO: [ app_init ] --START--
INFO: Run Behavior\BuildLiteBehavior [ RunTime:0.000000s ]
INFO: [ app_init ] --END-- [ RunTime:0.002000s ]
ERR: 无法加载模块:Public

[ 2016-07-21T18:54:49+08:00 ] ::1 /maijia/Public/upload/20160721/thumb_57902f1497f19.jpg
INFO: [ app_init ] --START--
INFO: Run Behavior\BuildLiteBehavior [ RunTime:0.001000s ]
INFO: [ app_init ] --END-- [ RunTime:0.002000s ]
ERR: 无法加载模块:Public

[ 2016-07-21T18:54:49+08:00 ] ::1 /maijia/Public/upload/20160721/thumb_57902ea499dcb.jpg
INFO: [ app_init ] --START--
INFO: Run Behavior\BuildLiteBehavior [ RunTime:0.000000s ]
INFO: [ app_init ] --END-- [ RunTime:0.002000s ]
ERR: 无法加载模块:Public

[ 2016-07-21T18:54:49+08:00 ] ::1 /maijia/Public/upload/20160721/thumb_57902ecb9cd87.jpg
INFO: [ app_init ] --START--
INFO: Run Behavior\BuildLiteBehavior [ RunTime:0.000000s ]
INFO: [ app_init ] --END-- [ RunTime:0.002000s ]
ERR: 无法加载模块:Public

[ 2016-07-21T18:54:49+08:00 ] ::1 /maijia/Public/upload/20160721/thumb_57902ee0e9689.jpg
INFO: [ app_init ] --START--
INFO: Run Behavior\BuildLiteBehavior [ RunTime:0.000000s ]
INFO: [ app_init ] --END-- [ RunTime:0.004000s ]
ERR: 无法加载模块:Public

[ 2016-07-21T18:54:49+08:00 ] ::1 /maijia/Public/upload/20160721/thumb_57902ea499dcb.jpg
INFO: [ app_init ] --START--
INFO: Run Behavior\BuildLiteBehavior [ RunTime:0.001000s ]
INFO: [ app_init ] --END-- [ RunTime:0.003000s ]
ERR: 无法加载模块:Public

[ 2016-07-21T18:54:49+08:00 ] ::1 /maijia/Public/upload/20160721/thumb_57902ecb9cd87.jpg
INFO: [ app_init ] --START--
INFO: Run Behavior\BuildLiteBehavior [ RunTime:0.000000s ]
INFO: [ app_init ] --END-- [ RunTime:0.001000s ]
ERR: 无法加载模块:Public

[ 2016-07-21T18:54:49+08:00 ] ::1 /maijia/Public/upload/20160721/thumb_57902ee0e9689.jpg
INFO: [ app_init ] --START--
INFO: Run Behavior\BuildLiteBehavior [ RunTime:0.000000s ]
INFO: [ app_init ] --END-- [ RunTime:0.002001s ]
ERR: 无法加载模块:Public

[ 2016-07-21T18:54:49+08:00 ] ::1 /maijia/Public/upload/20160721/thumb_57902f1497f19.jpg
INFO: [ app_init ] --START--
INFO: Run Behavior\BuildLiteBehavior [ RunTime:0.001000s ]
INFO: [ app_init ] --END-- [ RunTime:0.002000s ]
ERR: 无法加载模块:Public

[ 2016-07-21T18:54:49+08:00 ] ::1 /maijia/Public/upload/20160721/thumb_57902eff0c282.jpg
INFO: [ app_init ] --START--
INFO: Run Behavior\BuildLiteBehavior [ RunTime:0.000000s ]
INFO: [ app_init ] --END-- [ RunTime:0.002001s ]
ERR: 无法加载模块:Public

[ 2016-07-21T18:54:55+08:00 ] ::1 /maijia/Public/upload/20160721/thumb_57902f1497f19.jpg
INFO: [ app_init ] --START--
INFO: Run Behavior\BuildLiteBehavior [ RunTime:0.001001s ]
INFO: [ app_init ] --END-- [ RunTime:0.003001s ]
ERR: 无法加载模块:Public

[ 2016-07-21T18:54:55+08:00 ] ::1 /maijia/Public/upload/20160721/thumb_57902eff0c282.jpg
INFO: [ app_init ] --START--
INFO: Run Behavior\BuildLiteBehavior [ RunTime:0.000000s ]
INFO: [ app_init ] --END-- [ RunTime:0.003001s ]
ERR: 无法加载模块:Public

[ 2016-07-21T18:54:55+08:00 ] ::1 /maijia/Public/upload/20160721/thumb_57902ee0e9689.jpg
INFO: [ app_init ] --START--
INFO: Run Behavior\BuildLiteBehavior [ RunTime:0.001000s ]
INFO: [ app_init ] --END-- [ RunTime:0.003000s ]
ERR: 无法加载模块:Public

[ 2016-07-21T18:54:55+08:00 ] ::1 /maijia/Public/upload/20160721/thumb_57902ea499dcb.jpg
INFO: [ app_init ] --START--
INFO: Run Behavior\BuildLiteBehavior [ RunTime:0.000000s ]
INFO: [ app_init ] --END-- [ RunTime:0.005000s ]
ERR: 无法加载模块:Public

[ 2016-07-21T18:54:55+08:00 ] ::1 /maijia/Public/upload/20160721/thumb_57902ecb9cd87.jpg
INFO: [ app_init ] --START--
INFO: Run Behavior\BuildLiteBehavior [ RunTime:0.000000s ]
INFO: [ app_init ] --END-- [ RunTime:0.001000s ]
ERR: 无法加载模块:Public

