[ 2016-07-21T18:54:42+08:00 ] ::1 /maijia/index.php/Admin/
INFO: [ app_init ] --START--
INFO: Run Behavior\BuildLiteBehavior [ RunTime:0.001000s ]
INFO: [ app_init ] --END-- [ RunTime:0.001000s ]
INFO: [ app_begin ] --START--
INFO: Run Behavior\ReadHtmlCacheBehavior [ RunTime:0.001000s ]
INFO: [ app_begin ] --END-- [ RunTime:0.002000s ]
INFO: [ view_parse ] --START--
INFO: [ template_filter ] --START--
INFO: Run Behavior\ContentReplaceBehavior [ RunTime:0.000000s ]
INFO: [ template_filter ] --END-- [ RunTime:0.002000s ]
INFO: Run Behavior\ParseTemplateBehavior [ RunTime:0.047003s ]
INFO: [ view_parse ] --END-- [ RunTime:0.048003s ]
INFO: [ view_filter ] --START--
INFO: Run Behavior\WriteHtmlCacheBehavior [ RunTime:0.001000s ]
INFO: [ view_filter ] --END-- [ RunTime:0.002000s ]
INFO: [ app_end ] --START--
INFO: Run Behavior\ShowPageTraceBehavior [ RunTime:0.001000s ]
INFO: [ app_end ] --END-- [ RunTime:0.002000s ]

[ 2016-07-21T18:54:49+08:00 ] ::1 /maijia/index.php/Admin/Question/index.html
INFO: [ app_init ] --START--
INFO: Run Behavior\BuildLiteBehavior [ RunTime:0.000000s ]
INFO: [ app_init ] --END-- [ RunTime:0.001000s ]
INFO: [ app_begin ] --START--
INFO: Run Behavior\ReadHtmlCacheBehavior [ RunTime:0.002000s ]
INFO: [ app_begin ] --END-- [ RunTime:0.002000s ]
SQL: SHOW COLUMNS FROM `mj_question` [ RunTime:0.0420s ]
SQL: SELECT COUNT(*) AS tp_count FROM `mj_question` LIMIT 1   [ RunTime:0.0400s ]
SQL: SELECT * FROM `mj_question` ORDER BY id desc LIMIT 0,15   [ RunTime:0.0410s ]
INFO: [ view_parse ] --START--
INFO: [ template_filter ] --START--
INFO: Run Behavior\ContentReplaceBehavior [ RunTime:0.001000s ]
INFO: [ template_filter ] --END-- [ RunTime:0.001000s ]
NOTIC: [8] Use of undefined constant type - assumed 'type' E:\WWW\maijia\Application\Runtime\Cache\Admin\049ad0fbc4579ec0053f845ee20dffd2.php 第 232 行.
NOTIC: [8] Use of undefined constant type - assumed 'type' E:\WWW\maijia\Application\Runtime\Cache\Admin\049ad0fbc4579ec0053f845ee20dffd2.php 第 234 行.
NOTIC: [8] Use of undefined constant type - assumed 'type' E:\WWW\maijia\Application\Runtime\Cache\Admin\049ad0fbc4579ec0053f845ee20dffd2.php 第 236 行.
NOTIC: [8] Use of undefined constant type - assumed 'type' E:\WWW\maijia\Application\Runtime\Cache\Admin\049ad0fbc4579ec0053f845ee20dffd2.php 第 238 行.
NOTIC: [8] Use of undefined constant type - assumed 'type' E:\WWW\maijia\Application\Runtime\Cache\Admin\049ad0fbc4579ec0053f845ee20dffd2.php 第 232 行.
NOTIC: [8] Use of undefined constant type - assumed 'type' E:\WWW\maijia\Application\Runtime\Cache\Admin\049ad0fbc4579ec0053f845ee20dffd2.php 第 234 行.
NOTIC: [8] Use of undefined constant type - assumed 'type' E:\WWW\maijia\Application\Runtime\Cache\Admin\049ad0fbc4579ec0053f845ee20dffd2.php 第 236 行.
NOTIC: [8] Use of undefined constant type - assumed 'type' E:\WWW\maijia\Application\Runtime\Cache\Admin\049ad0fbc4579ec0053f845ee20dffd2.php 第 232 行.
NOTIC: [8] Use of undefined constant type - assumed 'type' E:\WWW\maijia\Application\Runtime\Cache\Admin\049ad0fbc4579ec0053f845ee20dffd2.php 第 234 行.
NOTIC: [8] Use of undefined constant type - assumed 'type' E:\WWW\maijia\Application\Runtime\Cache\Admin\049ad0fbc4579ec0053f845ee20dffd2.php 第 232 行.
INFO: Run Behavior\ParseTemplateBehavior [ RunTime:0.087005s ]
INFO: [ view_parse ] --END-- [ RunTime:0.089005s ]
INFO: [ view_filter ] --START--
INFO: Run Behavior\WriteHtmlCacheBehavior [ RunTime:0.000000s ]
INFO: [ view_filter ] --END-- [ RunTime:0.002000s ]
INFO: [ app_end ] --START--
INFO: Run Behavior\ShowPageTraceBehavior [ RunTime:0.002000s ]
INFO: [ app_end ] --END-- [ RunTime:0.003000s ]

[ 2016-07-21T18:54:52+08:00 ] ::1 /maijia/index.php/Admin/Question/index.html
INFO: [ app_init ] --START--
INFO: Run Behavior\BuildLiteBehavior [ RunTime:0.000000s ]
INFO: [ app_init ] --END-- [ RunTime:0.001000s ]
INFO: [ app_begin ] --START--
INFO: Run Behavior\ReadHtmlCacheBehavior [ RunTime:0.001000s ]
INFO: [ app_begin ] --END-- [ RunTime:0.002000s ]
SQL: SHOW COLUMNS FROM `mj_question` [ RunTime:0.0430s ]
SQL: SELECT COUNT(*) AS tp_count FROM `mj_question` LIMIT 1   [ RunTime:0.0420s ]
SQL: SELECT * FROM `mj_question` ORDER BY id desc LIMIT 0,15   [ RunTime:0.0420s ]
INFO: [ view_parse ] --START--
INFO: [ template_filter ] --START--
INFO: Run Behavior\ContentReplaceBehavior [ RunTime:0.000000s ]
INFO: [ template_filter ] --END-- [ RunTime:0.002000s ]
NOTIC: [8] Use of undefined constant type - assumed 'type' E:\WWW\maijia\Application\Runtime\Cache\Admin\049ad0fbc4579ec0053f845ee20dffd2.php 第 232 行.
NOTIC: [8] Use of undefined constant type - assumed 'type' E:\WWW\maijia\Application\Runtime\Cache\Admin\049ad0fbc4579ec0053f845ee20dffd2.php 第 234 行.
NOTIC: [8] Use of undefined constant type - assumed 'type' E:\WWW\maijia\Application\Runtime\Cache\Admin\049ad0fbc4579ec0053f845ee20dffd2.php 第 236 行.
NOTIC: [8] Use of undefined constant type - assumed 'type' E:\WWW\maijia\Application\Runtime\Cache\Admin\049ad0fbc4579ec0053f845ee20dffd2.php 第 238 行.
NOTIC: [8] Use of undefined constant type - assumed 'type' E:\WWW\maijia\Application\Runtime\Cache\Admin\049ad0fbc4579ec0053f845ee20dffd2.php 第 232 行.
NOTIC: [8] Use of undefined constant type - assumed 'type' E:\WWW\maijia\Application\Runtime\Cache\Admin\049ad0fbc4579ec0053f845ee20dffd2.php 第 234 行.
NOTIC: [8] Use of undefined constant type - assumed 'type' E:\WWW\maijia\Application\Runtime\Cache\Admin\049ad0fbc4579ec0053f845ee20dffd2.php 第 236 行.
NOTIC: [8] Use of undefined constant type - assumed 'type' E:\WWW\maijia\Application\Runtime\Cache\Admin\049ad0fbc4579ec0053f845ee20dffd2.php 第 232 行.
NOTIC: [8] Use of undefined constant type - assumed 'type' E:\WWW\maijia\Application\Runtime\Cache\Admin\049ad0fbc4579ec0053f845ee20dffd2.php 第 234 行.
NOTIC: [8] Use of undefined constant type - assumed 'type' E:\WWW\maijia\Application\Runtime\Cache\Admin\049ad0fbc4579ec0053f845ee20dffd2.php 第 232 行.
INFO: Run Behavior\ParseTemplateBehavior [ RunTime:0.087005s ]
INFO: [ view_parse ] --END-- [ RunTime:0.088005s ]
INFO: [ view_filter ] --START--
INFO: Run Behavior\WriteHtmlCacheBehavior [ RunTime:0.001000s ]
INFO: [ view_filter ] --END-- [ RunTime:0.002000s ]
INFO: [ app_end ] --START--
INFO: Run Behavior\ShowPageTraceBehavior [ RunTime:0.001000s ]
INFO: [ app_end ] --END-- [ RunTime:0.002000s ]

[ 2016-07-21T18:54:53+08:00 ] ::1 /maijia/index.php/Admin/Question/index.html
INFO: [ app_init ] --START--
INFO: Run Behavior\BuildLiteBehavior [ RunTime:0.000000s ]
INFO: [ app_init ] --END-- [ RunTime:0.002000s ]
INFO: [ app_begin ] --START--
INFO: Run Behavior\ReadHtmlCacheBehavior [ RunTime:0.001000s ]
INFO: [ app_begin ] --END-- [ RunTime:0.002000s ]
SQL: SHOW COLUMNS FROM `mj_question` [ RunTime:0.0410s ]
SQL: SELECT COUNT(*) AS tp_count FROM `mj_question` LIMIT 1   [ RunTime:0.0410s ]
SQL: SELECT * FROM `mj_question` ORDER BY id desc LIMIT 0,15   [ RunTime:0.0410s ]
INFO: [ view_parse ] --START--
INFO: [ template_filter ] --START--
INFO: Run Behavior\ContentReplaceBehavior [ RunTime:0.000000s ]
INFO: [ template_filter ] --END-- [ RunTime:0.002000s ]
NOTIC: [8] Use of undefined constant type - assumed 'type' E:\WWW\maijia\Application\Runtime\Cache\Admin\049ad0fbc4579ec0053f845ee20dffd2.php 第 232 行.
NOTIC: [8] Use of undefined constant type - assumed 'type' E:\WWW\maijia\Application\Runtime\Cache\Admin\049ad0fbc4579ec0053f845ee20dffd2.php 第 234 行.
NOTIC: [8] Use of undefined constant type - assumed 'type' E:\WWW\maijia\Application\Runtime\Cache\Admin\049ad0fbc4579ec0053f845ee20dffd2.php 第 236 行.
NOTIC: [8] Use of undefined constant type - assumed 'type' E:\WWW\maijia\Application\Runtime\Cache\Admin\049ad0fbc4579ec0053f845ee20dffd2.php 第 238 行.
NOTIC: [8] Use of undefined constant type - assumed 'type' E:\WWW\maijia\Application\Runtime\Cache\Admin\049ad0fbc4579ec0053f845ee20dffd2.php 第 232 行.
NOTIC: [8] Use of undefined constant type - assumed 'type' E:\WWW\maijia\Application\Runtime\Cache\Admin\049ad0fbc4579ec0053f845ee20dffd2.php 第 234 行.
NOTIC: [8] Use of undefined constant type - assumed 'type' E:\WWW\maijia\Application\Runtime\Cache\Admin\049ad0fbc4579ec0053f845ee20dffd2.php 第 236 行.
NOTIC: [8] Use of undefined constant type - assumed 'type' E:\WWW\maijia\Application\Runtime\Cache\Admin\049ad0fbc4579ec0053f845ee20dffd2.php 第 232 行.
NOTIC: [8] Use of undefined constant type - assumed 'type' E:\WWW\maijia\Application\Runtime\Cache\Admin\049ad0fbc4579ec0053f845ee20dffd2.php 第 234 行.
NOTIC: [8] Use of undefined constant type - assumed 'type' E:\WWW\maijia\Application\Runtime\Cache\Admin\049ad0fbc4579ec0053f845ee20dffd2.php 第 232 行.
INFO: Run Behavior\ParseTemplateBehavior [ RunTime:0.097006s ]
INFO: [ view_parse ] --END-- [ RunTime:0.099006s ]
INFO: [ view_filter ] --START--
INFO: Run Behavior\WriteHtmlCacheBehavior [ RunTime:0.000000s ]
INFO: [ view_filter ] --END-- [ RunTime:0.002000s ]
INFO: [ app_end ] --START--
INFO: Run Behavior\ShowPageTraceBehavior [ RunTime:0.002000s ]
INFO: [ app_end ] --END-- [ RunTime:0.002000s ]

[ 2016-07-21T18:54:53+08:00 ] ::1 /maijia/index.php/Admin/Question/index.html
INFO: [ app_init ] --START--
INFO: Run Behavior\BuildLiteBehavior [ RunTime:0.000000s ]
INFO: [ app_init ] --END-- [ RunTime:0.002000s ]
INFO: [ app_begin ] --START--
INFO: Run Behavior\ReadHtmlCacheBehavior [ RunTime:0.001000s ]
INFO: [ app_begin ] --END-- [ RunTime:0.002000s ]
SQL: SHOW COLUMNS FROM `mj_question` [ RunTime:0.0430s ]
SQL: SELECT COUNT(*) AS tp_count FROM `mj_question` LIMIT 1   [ RunTime:0.0420s ]
SQL: SELECT * FROM `mj_question` ORDER BY id desc LIMIT 0,15   [ RunTime:0.0420s ]
INFO: [ view_parse ] --START--
INFO: [ template_filter ] --START--
INFO: Run Behavior\ContentReplaceBehavior [ RunTime:0.000000s ]
INFO: [ template_filter ] --END-- [ RunTime:0.001000s ]
NOTIC: [8] Use of undefined constant type - assumed 'type' E:\WWW\maijia\Application\Runtime\Cache\Admin\049ad0fbc4579ec0053f845ee20dffd2.php 第 232 行.
NOTIC: [8] Use of undefined constant type - assumed 'type' E:\WWW\maijia\Application\Runtime\Cache\Admin\049ad0fbc4579ec0053f845ee20dffd2.php 第 234 行.
NOTIC: [8] Use of undefined constant type - assumed 'type' E:\WWW\maijia\Application\Runtime\Cache\Admin\049ad0fbc4579ec0053f845ee20dffd2.php 第 236 行.
NOTIC: [8] Use of undefined constant type - assumed 'type' E:\WWW\maijia\Application\Runtime\Cache\Admin\049ad0fbc4579ec0053f845ee20dffd2.php 第 238 行.
NOTIC: [8] Use of undefined constant type - assumed 'type' E:\WWW\maijia\Application\Runtime\Cache\Admin\049ad0fbc4579ec0053f845ee20dffd2.php 第 232 行.
NOTIC: [8] Use of undefined constant type - assumed 'type' E:\WWW\maijia\Application\Runtime\Cache\Admin\049ad0fbc4579ec0053f845ee20dffd2.php 第 234 行.
NOTIC: [8] Use of undefined constant type - assumed 'type' E:\WWW\maijia\Application\Runtime\Cache\Admin\049ad0fbc4579ec0053f845ee20dffd2.php 第 236 行.
NOTIC: [8] Use of undefined constant type - assumed 'type' E:\WWW\maijia\Application\Runtime\Cache\Admin\049ad0fbc4579ec0053f845ee20dffd2.php 第 232 行.
NOTIC: [8] Use of undefined constant type - assumed 'type' E:\WWW\maijia\Application\Runtime\Cache\Admin\049ad0fbc4579ec0053f845ee20dffd2.php 第 234 行.
NOTIC: [8] Use of undefined constant type - assumed 'type' E:\WWW\maijia\Application\Runtime\Cache\Admin\049ad0fbc4579ec0053f845ee20dffd2.php 第 232 行.
INFO: Run Behavior\ParseTemplateBehavior [ RunTime:0.111006s ]
INFO: [ view_parse ] --END-- [ RunTime:0.112006s ]
INFO: [ view_filter ] --START--
INFO: Run Behavior\WriteHtmlCacheBehavior [ RunTime:0.001000s ]
INFO: [ view_filter ] --END-- [ RunTime:0.002000s ]
INFO: [ app_end ] --START--
INFO: Run Behavior\ShowPageTraceBehavior [ RunTime:0.002000s ]
INFO: [ app_end ] --END-- [ RunTime:0.002000s ]

[ 2016-07-21T18:54:54+08:00 ] ::1 /maijia/index.php/Admin/Question/index.html
INFO: [ app_init ] --START--
INFO: Run Behavior\BuildLiteBehavior [ RunTime:0.000000s ]
INFO: [ app_init ] --END-- [ RunTime:0.001000s ]
INFO: [ app_begin ] --START--
INFO: Run Behavior\ReadHtmlCacheBehavior [ RunTime:0.001000s ]
INFO: [ app_begin ] --END-- [ RunTime:0.002000s ]
SQL: SHOW COLUMNS FROM `mj_question` [ RunTime:0.0460s ]
SQL: SELECT COUNT(*) AS tp_count FROM `mj_question` LIMIT 1   [ RunTime:0.0460s ]
SQL: SELECT * FROM `mj_question` ORDER BY id desc LIMIT 0,15   [ RunTime:0.0440s ]
INFO: [ view_parse ] --START--
INFO: [ template_filter ] --START--
INFO: Run Behavior\ContentReplaceBehavior [ RunTime:0.000000s ]
INFO: [ template_filter ] --END-- [ RunTime:0.002000s ]
NOTIC: [8] Use of undefined constant type - assumed 'type' E:\WWW\maijia\Application\Runtime\Cache\Admin\049ad0fbc4579ec0053f845ee20dffd2.php 第 232 行.
NOTIC: [8] Use of undefined constant type - assumed 'type' E:\WWW\maijia\Application\Runtime\Cache\Admin\049ad0fbc4579ec0053f845ee20dffd2.php 第 234 行.
NOTIC: [8] Use of undefined constant type - assumed 'type' E:\WWW\maijia\Application\Runtime\Cache\Admin\049ad0fbc4579ec0053f845ee20dffd2.php 第 236 行.
NOTIC: [8] Use of undefined constant type - assumed 'type' E:\WWW\maijia\Application\Runtime\Cache\Admin\049ad0fbc4579ec0053f845ee20dffd2.php 第 238 行.
NOTIC: [8] Use of undefined constant type - assumed 'type' E:\WWW\maijia\Application\Runtime\Cache\Admin\049ad0fbc4579ec0053f845ee20dffd2.php 第 232 行.
NOTIC: [8] Use of undefined constant type - assumed 'type' E:\WWW\maijia\Application\Runtime\Cache\Admin\049ad0fbc4579ec0053f845ee20dffd2.php 第 234 行.
NOTIC: [8] Use of undefined constant type - assumed 'type' E:\WWW\maijia\Application\Runtime\Cache\Admin\049ad0fbc4579ec0053f845ee20dffd2.php 第 236 行.
NOTIC: [8] Use of undefined constant type - assumed 'type' E:\WWW\maijia\Application\Runtime\Cache\Admin\049ad0fbc4579ec0053f845ee20dffd2.php 第 232 行.
NOTIC: [8] Use of undefined constant type - assumed 'type' E:\WWW\maijia\Application\Runtime\Cache\Admin\049ad0fbc4579ec0053f845ee20dffd2.php 第 234 行.
NOTIC: [8] Use of undefined constant type - assumed 'type' E:\WWW\maijia\Application\Runtime\Cache\Admin\049ad0fbc4579ec0053f845ee20dffd2.php 第 232 行.
INFO: Run Behavior\ParseTemplateBehavior [ RunTime:0.087005s ]
INFO: [ view_parse ] --END-- [ RunTime:0.088005s ]
INFO: [ view_filter ] --START--
INFO: Run Behavior\WriteHtmlCacheBehavior [ RunTime:0.000000s ]
INFO: [ view_filter ] --END-- [ RunTime:0.002000s ]
INFO: [ app_end ] --START--
INFO: Run Behavior\ShowPageTraceBehavior [ RunTime:0.000000s ]
INFO: [ app_end ] --END-- [ RunTime:0.002000s ]

[ 2016-07-21T18:54:54+08:00 ] ::1 /maijia/index.php/Admin/Question/index.html
INFO: [ app_init ] --START--
INFO: Run Behavior\BuildLiteBehavior [ RunTime:0.001000s ]
INFO: [ app_init ] --END-- [ RunTime:0.001000s ]
INFO: [ app_begin ] --START--
INFO: Run Behavior\ReadHtmlCacheBehavior [ RunTime:0.001000s ]
INFO: [ app_begin ] --END-- [ RunTime:0.003000s ]
SQL: SHOW COLUMNS FROM `mj_question` [ RunTime:0.0400s ]
SQL: SELECT COUNT(*) AS tp_count FROM `mj_question` LIMIT 1   [ RunTime:0.0390s ]
SQL: SELECT * FROM `mj_question` ORDER BY id desc LIMIT 0,15   [ RunTime:0.0390s ]
INFO: [ view_parse ] --START--
INFO: [ template_filter ] --START--
INFO: Run Behavior\ContentReplaceBehavior [ RunTime:0.000000s ]
INFO: [ template_filter ] --END-- [ RunTime:0.002000s ]
NOTIC: [8] Use of undefined constant type - assumed 'type' E:\WWW\maijia\Application\Runtime\Cache\Admin\049ad0fbc4579ec0053f845ee20dffd2.php 第 232 行.
NOTIC: [8] Use of undefined constant type - assumed 'type' E:\WWW\maijia\Application\Runtime\Cache\Admin\049ad0fbc4579ec0053f845ee20dffd2.php 第 234 行.
NOTIC: [8] Use of undefined constant type - assumed 'type' E:\WWW\maijia\Application\Runtime\Cache\Admin\049ad0fbc4579ec0053f845ee20dffd2.php 第 236 行.
NOTIC: [8] Use of undefined constant type - assumed 'type' E:\WWW\maijia\Application\Runtime\Cache\Admin\049ad0fbc4579ec0053f845ee20dffd2.php 第 238 行.
NOTIC: [8] Use of undefined constant type - assumed 'type' E:\WWW\maijia\Application\Runtime\Cache\Admin\049ad0fbc4579ec0053f845ee20dffd2.php 第 232 行.
NOTIC: [8] Use of undefined constant type - assumed 'type' E:\WWW\maijia\Application\Runtime\Cache\Admin\049ad0fbc4579ec0053f845ee20dffd2.php 第 234 行.
NOTIC: [8] Use of undefined constant type - assumed 'type' E:\WWW\maijia\Application\Runtime\Cache\Admin\049ad0fbc4579ec0053f845ee20dffd2.php 第 236 行.
NOTIC: [8] Use of undefined constant type - assumed 'type' E:\WWW\maijia\Application\Runtime\Cache\Admin\049ad0fbc4579ec0053f845ee20dffd2.php 第 232 行.
NOTIC: [8] Use of undefined constant type - assumed 'type' E:\WWW\maijia\Application\Runtime\Cache\Admin\049ad0fbc4579ec0053f845ee20dffd2.php 第 234 行.
NOTIC: [8] Use of undefined constant type - assumed 'type' E:\WWW\maijia\Application\Runtime\Cache\Admin\049ad0fbc4579ec0053f845ee20dffd2.php 第 232 行.
INFO: Run Behavior\ParseTemplateBehavior [ RunTime:0.087005s ]
INFO: [ view_parse ] --END-- [ RunTime:0.088005s ]
INFO: [ view_filter ] --START--
INFO: Run Behavior\WriteHtmlCacheBehavior [ RunTime:0.001000s ]
INFO: [ view_filter ] --END-- [ RunTime:0.002000s ]
INFO: [ app_end ] --START--
INFO: Run Behavior\ShowPageTraceBehavior [ RunTime:0.001000s ]
INFO: [ app_end ] --END-- [ RunTime:0.002000s ]

[ 2016-07-21T18:54:55+08:00 ] ::1 /maijia/index.php/Admin/Question/index.html
INFO: [ app_init ] --START--
INFO: Run Behavior\BuildLiteBehavior [ RunTime:0.001000s ]
INFO: [ app_init ] --END-- [ RunTime:0.001000s ]
INFO: [ app_begin ] --START--
INFO: Run Behavior\ReadHtmlCacheBehavior [ RunTime:0.002000s ]
INFO: [ app_begin ] --END-- [ RunTime:0.002000s ]
SQL: SHOW COLUMNS FROM `mj_question` [ RunTime:0.0420s ]
SQL: SELECT COUNT(*) AS tp_count FROM `mj_question` LIMIT 1   [ RunTime:0.0420s ]
SQL: SELECT * FROM `mj_question` ORDER BY id desc LIMIT 0,15   [ RunTime:0.0420s ]
INFO: [ view_parse ] --START--
INFO: [ template_filter ] --START--
INFO: Run Behavior\ContentReplaceBehavior [ RunTime:0.000000s ]
INFO: [ template_filter ] --END-- [ RunTime:0.002000s ]
NOTIC: [8] Use of undefined constant type - assumed 'type' E:\WWW\maijia\Application\Runtime\Cache\Admin\049ad0fbc4579ec0053f845ee20dffd2.php 第 232 行.
NOTIC: [8] Use of undefined constant type - assumed 'type' E:\WWW\maijia\Application\Runtime\Cache\Admin\049ad0fbc4579ec0053f845ee20dffd2.php 第 234 行.
NOTIC: [8] Use of undefined constant type - assumed 'type' E:\WWW\maijia\Application\Runtime\Cache\Admin\049ad0fbc4579ec0053f845ee20dffd2.php 第 236 行.
NOTIC: [8] Use of undefined constant type - assumed 'type' E:\WWW\maijia\Application\Runtime\Cache\Admin\049ad0fbc4579ec0053f845ee20dffd2.php 第 238 行.
NOTIC: [8] Use of undefined constant type - assumed 'type' E:\WWW\maijia\Application\Runtime\Cache\Admin\049ad0fbc4579ec0053f845ee20dffd2.php 第 232 行.
NOTIC: [8] Use of undefined constant type - assumed 'type' E:\WWW\maijia\Application\Runtime\Cache\Admin\049ad0fbc4579ec0053f845ee20dffd2.php 第 234 行.
NOTIC: [8] Use of undefined constant type - assumed 'type' E:\WWW\maijia\Application\Runtime\Cache\Admin\049ad0fbc4579ec0053f845ee20dffd2.php 第 236 行.
NOTIC: [8] Use of undefined constant type - assumed 'type' E:\WWW\maijia\Application\Runtime\Cache\Admin\049ad0fbc4579ec0053f845ee20dffd2.php 第 232 行.
NOTIC: [8] Use of undefined constant type - assumed 'type' E:\WWW\maijia\Application\Runtime\Cache\Admin\049ad0fbc4579ec0053f845ee20dffd2.php 第 234 行.
NOTIC: [8] Use of undefined constant type - assumed 'type' E:\WWW\maijia\Application\Runtime\Cache\Admin\049ad0fbc4579ec0053f845ee20dffd2.php 第 232 行.
INFO: Run Behavior\ParseTemplateBehavior [ RunTime:0.088005s ]
INFO: [ view_parse ] --END-- [ RunTime:0.089005s ]
INFO: [ view_filter ] --START--
INFO: Run Behavior\WriteHtmlCacheBehavior [ RunTime:0.000000s ]
INFO: [ view_filter ] --END-- [ RunTime:0.002000s ]
INFO: [ app_end ] --START--
INFO: Run Behavior\ShowPageTraceBehavior [ RunTime:0.001000s ]
INFO: [ app_end ] --END-- [ RunTime:0.002000s ]

[ 2016-07-21T18:54:59+08:00 ] ::1 /maijia/index.php/Admin/Question/course.html
INFO: [ app_init ] --START--
INFO: Run Behavior\BuildLiteBehavior [ RunTime:0.000000s ]
INFO: [ app_init ] --END-- [ RunTime:0.002000s ]
INFO: [ app_begin ] --START--
INFO: Run Behavior\ReadHtmlCacheBehavior [ RunTime:0.001000s ]
INFO: [ app_begin ] --END-- [ RunTime:0.002000s ]
SQL: SHOW COLUMNS FROM `mj_course` [ RunTime:0.0430s ]
NOTIC: [8] Undefined variable: post E:\WWW\maijia\Application\Admin\Controller\QuestionController.class.php 第 155 行.
SQL: SELECT COUNT(*) AS tp_count FROM `mj_course` LIMIT 1   [ RunTime:0.0420s ]
NOTIC: [8] Undefined variable: post E:\WWW\maijia\Application\Admin\Controller\QuestionController.class.php 第 159 行.
SQL: SELECT * FROM `mj_course` ORDER BY id desc LIMIT 0,15   [ RunTime:0.0420s ]
SQL: SHOW COLUMNS FROM `mj_question` [ RunTime:0.0420s ]
SQL: SELECT `id`,`type` FROM `mj_question` WHERE `id` = 9 LIMIT 1   [ RunTime:0.0420s ]
SQL: SELECT `id`,`type` FROM `mj_question` WHERE `id` = 8 LIMIT 1   [ RunTime:0.0410s ]
SQL: SELECT `id`,`type` FROM `mj_question` WHERE `id` = 5 LIMIT 1   [ RunTime:0.0410s ]
SQL: SELECT `id`,`type` FROM `mj_question` WHERE `id` = 6 LIMIT 1   [ RunTime:0.0410s ]
SQL: SELECT `id`,`type` FROM `mj_question` WHERE `id` = 6 LIMIT 1   [ RunTime:0.0420s ]
INFO: [ view_parse ] --START--
INFO: [ template_filter ] --START--
INFO: Run Behavior\ContentReplaceBehavior [ RunTime:0.000000s ]
INFO: [ template_filter ] --END-- [ RunTime:0.002000s ]
INFO: Run Behavior\ParseTemplateBehavior [ RunTime:0.078004s ]
INFO: [ view_parse ] --END-- [ RunTime:0.078004s ]
INFO: [ view_filter ] --START--
INFO: Run Behavior\WriteHtmlCacheBehavior [ RunTime:0.001000s ]
INFO: [ view_filter ] --END-- [ RunTime:0.002000s ]
INFO: [ app_end ] --START--
INFO: Run Behavior\ShowPageTraceBehavior [ RunTime:0.001000s ]
INFO: [ app_end ] --END-- [ RunTime:0.002001s ]

[ 2016-07-21T18:55:03+08:00 ] ::1 /maijia/index.php/Admin/Brand/demio.html
INFO: [ app_init ] --START--
INFO: Run Behavior\BuildLiteBehavior [ RunTime:0.000000s ]
INFO: [ app_init ] --END-- [ RunTime:0.001000s ]
INFO: [ app_begin ] --START--
INFO: Run Behavior\ReadHtmlCacheBehavior [ RunTime:0.001000s ]
INFO: [ app_begin ] --END-- [ RunTime:0.002000s ]
SQL: SHOW COLUMNS FROM `mj_demio` [ RunTime:0.0410s ]
SQL: SELECT * FROM `mj_demio`  [ RunTime:0.0410s ]
INFO: [ view_parse ] --START--
INFO: [ template_filter ] --START--
INFO: Run Behavior\ContentReplaceBehavior [ RunTime:0.001000s ]
INFO: [ template_filter ] --END-- [ RunTime:0.001000s ]
NOTIC: [8] Undefined index: child E:\WWW\maijia\Application\Runtime\Cache\Admin\a15593af13142f55855cc1cb5a399010.php 第 275 行.
NOTIC: [8] Undefined index: child E:\WWW\maijia\Application\Runtime\Cache\Admin\a15593af13142f55855cc1cb5a399010.php 第 275 行.
NOTIC: [8] Undefined index: child E:\WWW\maijia\Application\Runtime\Cache\Admin\a15593af13142f55855cc1cb5a399010.php 第 275 行.
NOTIC: [8] Undefined index: child E:\WWW\maijia\Application\Runtime\Cache\Admin\a15593af13142f55855cc1cb5a399010.php 第 275 行.
NOTIC: [8] Undefined index: child E:\WWW\maijia\Application\Runtime\Cache\Admin\a15593af13142f55855cc1cb5a399010.php 第 275 行.
NOTIC: [8] Undefined index: child E:\WWW\maijia\Application\Runtime\Cache\Admin\a15593af13142f55855cc1cb5a399010.php 第 275 行.
NOTIC: [8] Undefined index: child E:\WWW\maijia\Application\Runtime\Cache\Admin\a15593af13142f55855cc1cb5a399010.php 第 275 行.
NOTIC: [8] Undefined index: child E:\WWW\maijia\Application\Runtime\Cache\Admin\a15593af13142f55855cc1cb5a399010.php 第 275 行.
INFO: Run Behavior\ParseTemplateBehavior [ RunTime:0.119007s ]
INFO: [ view_parse ] --END-- [ RunTime:0.120007s ]
INFO: [ view_filter ] --START--
INFO: Run Behavior\WriteHtmlCacheBehavior [ RunTime:0.001000s ]
INFO: [ view_filter ] --END-- [ RunTime:0.002000s ]
INFO: [ app_end ] --START--
INFO: Run Behavior\ShowPageTraceBehavior [ RunTime:0.001000s ]
INFO: [ app_end ] --END-- [ RunTime:0.002000s ]

[ 2016-07-21T18:55:07+08:00 ] ::1 /maijia/index.php/Admin/Question/course_com.html
INFO: [ app_init ] --START--
INFO: Run Behavior\BuildLiteBehavior [ RunTime:0.001000s ]
INFO: [ app_init ] --END-- [ RunTime:0.001000s ]
INFO: [ app_begin ] --START--
INFO: Run Behavior\ReadHtmlCacheBehavior [ RunTime:0.001001s ]
INFO: [ app_begin ] --END-- [ RunTime:0.002001s ]
SQL: SHOW COLUMNS FROM `mj_course_msg` [ RunTime:0.0410s ]
SQL: SHOW COLUMNS FROM `mj_user` [ RunTime:0.0410s ]
NOTIC: [8] Undefined variable: where E:\WWW\maijia\Application\Admin\Controller\QuestionController.class.php 第 288 行.
SQL: SELECT COUNT(*) AS tp_count FROM `mj_course_msg` LIMIT 1   [ RunTime:0.0410s ]
NOTIC: [8] Undefined variable: where E:\WWW\maijia\Application\Admin\Controller\QuestionController.class.php 第 292 行.
SQL: SELECT * FROM `mj_course_msg` ORDER BY id desc LIMIT 0,5   [ RunTime:0.0400s ]
SQL: SELECT `name` FROM `mj_user` WHERE `id` = 1 LIMIT 1   [ RunTime:0.0400s ]
INFO: [ view_parse ] --START--
INFO: [ template_filter ] --START--
INFO: Run Behavior\ContentReplaceBehavior [ RunTime:0.000000s ]
INFO: [ template_filter ] --END-- [ RunTime:0.002000s ]
INFO: Run Behavior\ParseTemplateBehavior [ RunTime:0.070004s ]
INFO: [ view_parse ] --END-- [ RunTime:0.070004s ]
INFO: [ view_filter ] --START--
INFO: Run Behavior\WriteHtmlCacheBehavior [ RunTime:0.001000s ]
INFO: [ view_filter ] --END-- [ RunTime:0.001000s ]
INFO: [ app_end ] --START--
INFO: Run Behavior\ShowPageTraceBehavior [ RunTime:0.001000s ]
INFO: [ app_end ] --END-- [ RunTime:0.002000s ]

[ 2016-07-21T18:55:14+08:00 ] ::1 /maijia/index.php/Admin/Question/course_com.html
INFO: [ app_init ] --START--
INFO: Run Behavior\BuildLiteBehavior [ RunTime:0.000000s ]
INFO: [ app_init ] --END-- [ RunTime:0.001000s ]
INFO: [ app_begin ] --START--
INFO: Run Behavior\ReadHtmlCacheBehavior [ RunTime:0.001000s ]
INFO: [ app_begin ] --END-- [ RunTime:0.001000s ]
SQL: SHOW COLUMNS FROM `mj_course_msg` [ RunTime:0.0880s ]
SQL: SHOW COLUMNS FROM `mj_user` [ RunTime:0.0810s ]
NOTIC: [8] Undefined variable: where E:\WWW\maijia\Application\Admin\Controller\QuestionController.class.php 第 288 行.
SQL: SELECT COUNT(*) AS tp_count FROM `mj_course_msg` LIMIT 1   [ RunTime:0.0970s ]
NOTIC: [8] Undefined variable: where E:\WWW\maijia\Application\Admin\Controller\QuestionController.class.php 第 292 行.
SQL: SELECT * FROM `mj_course_msg` ORDER BY id desc LIMIT 0,5   [ RunTime:0.0920s ]
SQL: SELECT `name` FROM `mj_user` WHERE `id` = 1 LIMIT 1   [ RunTime:0.0750s ]
INFO: [ view_parse ] --START--
INFO: [ template_filter ] --START--
INFO: Run Behavior\ContentReplaceBehavior [ RunTime:0.000000s ]
INFO: [ template_filter ] --END-- [ RunTime:0.002000s ]
INFO: Run Behavior\ParseTemplateBehavior [ RunTime:0.070004s ]
INFO: [ view_parse ] --END-- [ RunTime:0.070004s ]
INFO: [ view_filter ] --START--
INFO: Run Behavior\WriteHtmlCacheBehavior [ RunTime:0.001000s ]
INFO: [ view_filter ] --END-- [ RunTime:0.002000s ]
INFO: [ app_end ] --START--
INFO: Run Behavior\ShowPageTraceBehavior [ RunTime:0.002000s ]
INFO: [ app_end ] --END-- [ RunTime:0.002000s ]

[ 2016-07-21T18:55:17+08:00 ] ::1 /maijia/index.php/Admin/Question/course.html
INFO: [ app_init ] --START--
INFO: Run Behavior\BuildLiteBehavior [ RunTime:0.001000s ]
INFO: [ app_init ] --END-- [ RunTime:0.001000s ]
INFO: [ app_begin ] --START--
INFO: Run Behavior\ReadHtmlCacheBehavior [ RunTime:0.001000s ]
INFO: [ app_begin ] --END-- [ RunTime:0.001000s ]
SQL: SHOW COLUMNS FROM `mj_course` [ RunTime:0.0400s ]
NOTIC: [8] Undefined variable: post E:\WWW\maijia\Application\Admin\Controller\QuestionController.class.php 第 155 行.
SQL: SELECT COUNT(*) AS tp_count FROM `mj_course` LIMIT 1   [ RunTime:0.0390s ]
NOTIC: [8] Undefined variable: post E:\WWW\maijia\Application\Admin\Controller\QuestionController.class.php 第 159 行.
SQL: SELECT * FROM `mj_course` ORDER BY id desc LIMIT 0,15   [ RunTime:0.0400s ]
SQL: SHOW COLUMNS FROM `mj_question` [ RunTime:0.0400s ]
SQL: SELECT `id`,`type` FROM `mj_question` WHERE `id` = 9 LIMIT 1   [ RunTime:0.0390s ]
SQL: SELECT `id`,`type` FROM `mj_question` WHERE `id` = 8 LIMIT 1   [ RunTime:0.0390s ]
SQL: SELECT `id`,`type` FROM `mj_question` WHERE `id` = 5 LIMIT 1   [ RunTime:0.0390s ]
SQL: SELECT `id`,`type` FROM `mj_question` WHERE `id` = 6 LIMIT 1   [ RunTime:0.0390s ]
SQL: SELECT `id`,`type` FROM `mj_question` WHERE `id` = 6 LIMIT 1   [ RunTime:0.0390s ]
INFO: [ view_parse ] --START--
INFO: [ template_filter ] --START--
INFO: Run Behavior\ContentReplaceBehavior [ RunTime:0.000000s ]
INFO: [ template_filter ] --END-- [ RunTime:0.002000s ]
INFO: Run Behavior\ParseTemplateBehavior [ RunTime:0.077005s ]
INFO: [ view_parse ] --END-- [ RunTime:0.077005s ]
INFO: [ view_filter ] --START--
INFO: Run Behavior\WriteHtmlCacheBehavior [ RunTime:0.001000s ]
INFO: [ view_filter ] --END-- [ RunTime:0.001000s ]
INFO: [ app_end ] --START--
INFO: Run Behavior\ShowPageTraceBehavior [ RunTime:0.001000s ]
INFO: [ app_end ] --END-- [ RunTime:0.002000s ]

[ 2016-07-21T18:55:53+08:00 ] ::1 /maijia/index.php/Admin/Question/course_com.html
INFO: [ app_init ] --START--
INFO: Run Behavior\BuildLiteBehavior [ RunTime:0.000000s ]
INFO: [ app_init ] --END-- [ RunTime:0.001000s ]
INFO: [ app_begin ] --START--
INFO: Run Behavior\ReadHtmlCacheBehavior [ RunTime:0.001000s ]
INFO: [ app_begin ] --END-- [ RunTime:0.002000s ]
SQL: SHOW COLUMNS FROM `mj_course_msg` [ RunTime:0.0450s ]
SQL: SHOW COLUMNS FROM `mj_user` [ RunTime:0.0460s ]
NOTIC: [8] Undefined variable: where E:\WWW\maijia\Application\Admin\Controller\QuestionController.class.php 第 288 行.
SQL: SELECT COUNT(*) AS tp_count FROM `mj_course_msg` LIMIT 1   [ RunTime:0.0440s ]
NOTIC: [8] Undefined variable: where E:\WWW\maijia\Application\Admin\Controller\QuestionController.class.php 第 292 行.
SQL: SELECT * FROM `mj_course_msg` ORDER BY id desc LIMIT 0,5   [ RunTime:0.0440s ]
SQL: SELECT `name` FROM `mj_user` WHERE `id` = 1 LIMIT 1   [ RunTime:0.0440s ]
INFO: [ view_parse ] --START--
INFO: [ template_filter ] --START--
INFO: Run Behavior\ContentReplaceBehavior [ RunTime:0.001000s ]
INFO: [ template_filter ] --END-- [ RunTime:0.001000s ]
INFO: Run Behavior\ParseTemplateBehavior [ RunTime:0.068003s ]
INFO: [ view_parse ] --END-- [ RunTime:0.070004s ]
INFO: [ view_filter ] --START--
INFO: Run Behavior\WriteHtmlCacheBehavior [ RunTime:0.001001s ]
INFO: [ view_filter ] --END-- [ RunTime:0.002001s ]
INFO: [ app_end ] --START--
INFO: Run Behavior\ShowPageTraceBehavior [ RunTime:0.002000s ]
INFO: [ app_end ] --END-- [ RunTime:0.002000s ]

